<?xml version="1.0" encoding="UTF-8"?>
<coverage generated="1615668729744" clover="3.2.0">
  <project timestamp="1615668729744" name="All files">
    <metrics statements="34" coveredstatements="26" conditionals="22" coveredconditionals="14" methods="17" coveredmethods="14" elements="73" coveredelements="54" complexity="0" loc="34" ncloc="34" packages="1" files="1" classes="1"/>
    <file name="SinglePicker.vue" path="/home/digasmc/Documents/Vue/phoenix-vue-library/src/components/SinglePicker/SinglePicker.vue">
      <metrics statements="34" coveredstatements="26" conditionals="22" coveredconditionals="14" methods="17" coveredmethods="14"/>
      <line num="128" count="1" type="stmt"/>
      <line num="134" count="1" type="cond" truecount="2" falsecount="0"/>
      <line num="140" count="0" type="stmt"/>
      <line num="144" count="1" type="cond" truecount="1" falsecount="1"/>
      <line num="145" count="0" type="stmt"/>
      <line num="147" count="1" type="cond" truecount="1" falsecount="1"/>
      <line num="148" count="0" type="stmt"/>
      <line num="150" count="1" type="stmt"/>
      <line num="155" count="12" type="cond" truecount="2" falsecount="2"/>
      <line num="159" count="0" type="stmt"/>
      <line num="163" count="1" type="stmt"/>
      <line num="172" count="0" type="stmt"/>
      <line num="175" count="1" type="stmt"/>
      <line num="181" count="1" type="cond" truecount="2" falsecount="0"/>
      <line num="184" count="1" type="cond" truecount="1" falsecount="1"/>
      <line num="192" count="2" type="cond" truecount="2" falsecount="0"/>
      <line num="193" count="1" type="stmt"/>
      <line num="195" count="1" type="stmt"/>
      <line num="199" count="10" type="stmt"/>
      <line num="200" count="10" type="stmt"/>
      <line num="203" count="3" type="stmt"/>
      <line num="204" count="3" type="stmt"/>
      <line num="205" count="3" type="stmt"/>
      <line num="208" count="8" type="stmt"/>
      <line num="209" count="8" type="stmt"/>
      <line num="210" count="8" type="stmt"/>
      <line num="213" count="0" type="cond" truecount="0" falsecount="2"/>
      <line num="214" count="0" type="stmt"/>
      <line num="218" count="1" type="cond" truecount="1" falsecount="1"/>
      <line num="219" count="0" type="stmt"/>
      <line num="221" count="1" type="stmt"/>
      <line num="225" count="2" type="stmt"/>
      <line num="226" count="4" type="cond" truecount="2" falsecount="0"/>
      <line num="227" count="2" type="stmt"/>
    </file>
  </project>
</coverage>
