{"/home/digasmc/Documents/Vue/phoenix-vue-library/src/components/SinglePicker/SinglePicker.vue": {"path":"/home/digasmc/Documents/Vue/phoenix-vue-library/src/components/SinglePicker/SinglePicker.vue","statementMap":{"0":{"start":{"line":128,"column":0},"end":{"line":128,"column":null}},"1":{"start":{"line":134,"column":0},"end":{"line":134,"column":null}},"2":{"start":{"line":140,"column":0},"end":{"line":140,"column":null}},"3":{"start":{"line":144,"column":0},"end":{"line":152,"column":null}},"4":{"start":{"line":145,"column":0},"end":{"line":145,"column":null}},"5":{"start":{"line":147,"column":0},"end":{"line":151,"column":null}},"6":{"start":{"line":148,"column":0},"end":{"line":148,"column":null}},"7":{"start":{"line":150,"column":0},"end":{"line":150,"column":null}},"8":{"start":{"line":155,"column":0},"end":{"line":160,"column":null}},"9":{"start":{"line":159,"column":0},"end":{"line":159,"column":null}},"10":{"start":{"line":163,"column":0},"end":{"line":163,"column":null}},"11":{"start":{"line":172,"column":0},"end":{"line":172,"column":null}},"12":{"start":{"line":175,"column":0},"end":{"line":175,"column":null}},"13":{"start":{"line":181,"column":0},"end":{"line":181,"column":null}},"14":{"start":{"line":184,"column":0},"end":{"line":184,"column":null}},"15":{"start":{"line":192,"column":0},"end":{"line":196,"column":null}},"16":{"start":{"line":193,"column":0},"end":{"line":193,"column":null}},"17":{"start":{"line":195,"column":0},"end":{"line":195,"column":null}},"18":{"start":{"line":199,"column":0},"end":{"line":199,"column":null}},"19":{"start":{"line":200,"column":0},"end":{"line":200,"column":null}},"20":{"start":{"line":203,"column":0},"end":{"line":203,"column":null}},"21":{"start":{"line":204,"column":0},"end":{"line":204,"column":null}},"22":{"start":{"line":205,"column":0},"end":{"line":205,"column":null}},"23":{"start":{"line":208,"column":0},"end":{"line":208,"column":null}},"24":{"start":{"line":209,"column":0},"end":{"line":209,"column":null}},"25":{"start":{"line":210,"column":0},"end":{"line":210,"column":null}},"26":{"start":{"line":213,"column":0},"end":{"line":215,"column":null}},"27":{"start":{"line":214,"column":0},"end":{"line":214,"column":null}},"28":{"start":{"line":218,"column":0},"end":{"line":222,"column":null}},"29":{"start":{"line":219,"column":0},"end":{"line":219,"column":null}},"30":{"start":{"line":221,"column":0},"end":{"line":221,"column":null}},"31":{"start":{"line":225,"column":0},"end":{"line":229,"column":null}},"32":{"start":{"line":226,"column":0},"end":{"line":228,"column":null}},"33":{"start":{"line":227,"column":0},"end":{"line":227,"column":null}}},"fnMap":{"0":{"name":"(anonymous_1)","decl":{"start":{"line":127,"column":0},"end":{"line":127,"column":null}},"loc":{"start":{"line":127,"column":0},"end":{"line":132,"column":null}}},"1":{"name":"(anonymous_2)","decl":{"start":{"line":133,"column":0},"end":{"line":133,"column":null}},"loc":{"start":{"line":133,"column":0},"end":{"line":135,"column":null}}},"2":{"name":"(anonymous_3)","decl":{"start":{"line":139,"column":0},"end":{"line":139,"column":null}},"loc":{"start":{"line":139,"column":0},"end":{"line":141,"column":null}}},"3":{"name":"(anonymous_4)","decl":{"start":{"line":143,"column":0},"end":{"line":143,"column":null}},"loc":{"start":{"line":143,"column":0},"end":{"line":153,"column":null}}},"4":{"name":"(anonymous_5)","decl":{"start":{"line":154,"column":0},"end":{"line":154,"column":null}},"loc":{"start":{"line":154,"column":0},"end":{"line":161,"column":null}}},"5":{"name":"(anonymous_6)","decl":{"start":{"line":162,"column":0},"end":{"line":162,"column":null}},"loc":{"start":{"line":162,"column":0},"end":{"line":169,"column":null}}},"6":{"name":"(anonymous_7)","decl":{"start":{"line":171,"column":0},"end":{"line":171,"column":null}},"loc":{"start":{"line":171,"column":0},"end":{"line":173,"column":null}}},"7":{"name":"(anonymous_8)","decl":{"start":{"line":174,"column":0},"end":{"line":174,"column":null}},"loc":{"start":{"line":174,"column":0},"end":{"line":179,"column":null}}},"8":{"name":"(anonymous_9)","decl":{"start":{"line":180,"column":0},"end":{"line":180,"column":null}},"loc":{"start":{"line":180,"column":0},"end":{"line":182,"column":null}}},"9":{"name":"(anonymous_10)","decl":{"start":{"line":183,"column":0},"end":{"line":183,"column":null}},"loc":{"start":{"line":183,"column":0},"end":{"line":188,"column":null}}},"10":{"name":"(anonymous_11)","decl":{"start":{"line":191,"column":0},"end":{"line":191,"column":null}},"loc":{"start":{"line":191,"column":0},"end":{"line":197,"column":null}}},"11":{"name":"(anonymous_12)","decl":{"start":{"line":198,"column":0},"end":{"line":198,"column":null}},"loc":{"start":{"line":198,"column":0},"end":{"line":201,"column":null}}},"12":{"name":"(anonymous_13)","decl":{"start":{"line":202,"column":0},"end":{"line":202,"column":null}},"loc":{"start":{"line":202,"column":0},"end":{"line":206,"column":null}}},"13":{"name":"(anonymous_14)","decl":{"start":{"line":207,"column":0},"end":{"line":207,"column":null}},"loc":{"start":{"line":207,"column":0},"end":{"line":211,"column":null}}},"14":{"name":"(anonymous_15)","decl":{"start":{"line":212,"column":0},"end":{"line":212,"column":null}},"loc":{"start":{"line":212,"column":0},"end":{"line":216,"column":null}}},"15":{"name":"(anonymous_16)","decl":{"start":{"line":217,"column":0},"end":{"line":217,"column":null}},"loc":{"start":{"line":217,"column":0},"end":{"line":223,"column":null}}},"16":{"name":"(anonymous_17)","decl":{"start":{"line":224,"column":0},"end":{"line":224,"column":null}},"loc":{"start":{"line":224,"column":0},"end":{"line":230,"column":null}}}},"branchMap":{"0":{"loc":{"start":{"line":134,"column":0},"end":{"line":134,"column":null}},"type":"binary-expr","locations":[{"start":{"line":134,"column":0},"end":{"line":134,"column":null}},{"start":{"line":134,"column":0},"end":{"line":134,"column":null}}]},"1":{"loc":{"start":{"line":144,"column":0},"end":{"line":152,"column":null}},"type":"if","locations":[{"start":{"line":144,"column":0},"end":{"line":152,"column":null}},{"start":{"line":144,"column":0},"end":{"line":152,"column":null}}]},"2":{"loc":{"start":{"line":147,"column":0},"end":{"line":151,"column":null}},"type":"if","locations":[{"start":{"line":147,"column":0},"end":{"line":151,"column":null}},{"start":{"line":147,"column":0},"end":{"line":151,"column":null}}]},"3":{"loc":{"start":{"line":155,"column":0},"end":{"line":160,"column":null}},"type":"if","locations":[{"start":{"line":155,"column":0},"end":{"line":160,"column":null}},{"start":{"line":155,"column":0},"end":{"line":160,"column":null}}]},"4":{"loc":{"start":{"line":155,"column":0},"end":{"line":155,"column":null}},"type":"binary-expr","locations":[{"start":{"line":155,"column":0},"end":{"line":155,"column":null}},{"start":{"line":155,"column":0},"end":{"line":155,"column":null}}]},"5":{"loc":{"start":{"line":181,"column":0},"end":{"line":181,"column":null}},"type":"binary-expr","locations":[{"start":{"line":181,"column":0},"end":{"line":181,"column":null}},{"start":{"line":181,"column":0},"end":{"line":181,"column":null}}]},"6":{"loc":{"start":{"line":184,"column":0},"end":{"line":184,"column":null}},"type":"cond-expr","locations":[{"start":{"line":184,"column":0},"end":{"line":184,"column":null}},{"start":{"line":184,"column":0},"end":{"line":184,"column":null}}]},"7":{"loc":{"start":{"line":192,"column":0},"end":{"line":196,"column":null}},"type":"if","locations":[{"start":{"line":192,"column":0},"end":{"line":196,"column":null}},{"start":{"line":192,"column":0},"end":{"line":196,"column":null}}]},"8":{"loc":{"start":{"line":213,"column":0},"end":{"line":215,"column":null}},"type":"if","locations":[{"start":{"line":213,"column":0},"end":{"line":215,"column":null}},{"start":{"line":213,"column":0},"end":{"line":215,"column":null}}]},"9":{"loc":{"start":{"line":218,"column":0},"end":{"line":222,"column":null}},"type":"if","locations":[{"start":{"line":218,"column":0},"end":{"line":222,"column":null}},{"start":{"line":218,"column":0},"end":{"line":222,"column":null}}]},"10":{"loc":{"start":{"line":226,"column":0},"end":{"line":228,"column":null}},"type":"if","locations":[{"start":{"line":226,"column":0},"end":{"line":228,"column":null}},{"start":{"line":226,"column":0},"end":{"line":228,"column":null}}]}},"s":{"0":1,"1":1,"2":0,"3":1,"4":0,"5":1,"6":0,"7":1,"8":12,"9":0,"10":1,"11":0,"12":1,"13":1,"14":1,"15":2,"16":1,"17":1,"18":10,"19":10,"20":3,"21":3,"22":3,"23":8,"24":8,"25":8,"26":0,"27":0,"28":1,"29":0,"30":1,"31":2,"32":4,"33":2},"f":{"0":1,"1":1,"2":0,"3":1,"4":12,"5":1,"6":0,"7":1,"8":1,"9":1,"10":2,"11":10,"12":3,"13":8,"14":0,"15":1,"16":2},"b":{"0":[1,1],"1":[0,1],"2":[0,1],"3":[0,12],"4":[12,0],"5":[1,1],"6":[0,1],"7":[1,1],"8":[0,0],"9":[0,1],"10":[2,2]}}
}
