TN:
SF:src/components/SinglePicker/SinglePicker.vue
FN:127,(anonymous_1)
FN:133,(anonymous_2)
FN:139,(anonymous_3)
FN:143,(anonymous_4)
FN:154,(anonymous_5)
FN:162,(anonymous_6)
FN:171,(anonymous_7)
FN:174,(anonymous_8)
FN:180,(anonymous_9)
FN:183,(anonymous_10)
FN:191,(anonymous_11)
FN:198,(anonymous_12)
FN:202,(anonymous_13)
FN:207,(anonymous_14)
FN:212,(anonymous_15)
FN:217,(anonymous_16)
FN:224,(anonymous_17)
FNF:17
FNH:14
FNDA:1,(anonymous_1)
FNDA:1,(anonymous_2)
FNDA:0,(anonymous_3)
FNDA:1,(anonymous_4)
FNDA:12,(anonymous_5)
FNDA:1,(anonymous_6)
FNDA:0,(anonymous_7)
FNDA:1,(anonymous_8)
FNDA:1,(anonymous_9)
FNDA:1,(anonymous_10)
FNDA:2,(anonymous_11)
FNDA:10,(anonymous_12)
FNDA:3,(anonymous_13)
FNDA:8,(anonymous_14)
FNDA:0,(anonymous_15)
FNDA:1,(anonymous_16)
FNDA:2,(anonymous_17)
DA:128,1
DA:134,1
DA:140,0
DA:144,1
DA:145,0
DA:147,1
DA:148,0
DA:150,1
DA:155,12
DA:159,0
DA:163,1
DA:172,0
DA:175,1
DA:181,1
DA:184,1
DA:192,2
DA:193,1
DA:195,1
DA:199,10
DA:200,10
DA:203,3
DA:204,3
DA:205,3
DA:208,8
DA:209,8
DA:210,8
DA:213,0
DA:214,0
DA:218,1
DA:219,0
DA:221,1
DA:225,2
DA:226,4
DA:227,2
LF:34
LH:26
BRDA:134,0,0,1
BRDA:134,0,1,1
BRDA:144,1,0,0
BRDA:144,1,1,1
BRDA:147,2,0,0
BRDA:147,2,1,1
BRDA:155,3,0,0
BRDA:155,3,1,12
BRDA:155,4,0,12
BRDA:155,4,1,0
BRDA:181,5,0,1
BRDA:181,5,1,1
BRDA:184,6,0,0
BRDA:184,6,1,1
BRDA:192,7,0,1
BRDA:192,7,1,1
BRDA:213,8,0,0
BRDA:213,8,1,0
BRDA:218,9,0,0
BRDA:218,9,1,1
BRDA:226,10,0,2
BRDA:226,10,1,2
BRF:22
BRH:14
end_of_record
